<?xml version="1.0" encoding="UTF-8"?>
<testng-results ignored="0" total="7" passed="7" failed="0" skipped="0">
  <reporter-output>
  </reporter-output>
  <suite started-at="2020-10-15T23:42:29 IST" name="Suite" finished-at="2020-10-15T23:43:55 IST" duration-ms="86043">
    <groups>
    </groups>
    <test started-at="2020-10-15T23:42:29 IST" name="Test" finished-at="2020-10-15T23:43:55 IST" duration-ms="86043">
      <class name="com.nopCommerce.TestCases.TC_Login_001">
        <test-method is-config="true" signature="setup(java.lang.String)[pri:0, instance:com.nopCommerce.TestCases.TC_Login_001@49c386c8]" started-at="2020-10-15T23:42:29 IST" name="setup" finished-at="2020-10-15T23:42:38 IST" duration-ms="9083" status="PASS">
          <params>
            <param index="0">
              <value>
                <![CDATA[chrome]]>
              </value>
            </param>
          </params>
          <reporter-output>
          </reporter-output>
        </test-method> <!-- setup -->
        <test-method signature="loginTest()[pri:0, instance:com.nopCommerce.TestCases.TC_Login_001@49c386c8]" started-at="2020-10-15T23:42:38 IST" name="loginTest" finished-at="2020-10-15T23:42:45 IST" duration-ms="6245" status="PASS">
          <reporter-output>
          </reporter-output>
        </test-method> <!-- loginTest -->
        <test-method is-config="true" signature="tearDown()[pri:0, instance:com.nopCommerce.TestCases.TC_Login_001@49c386c8]" started-at="2020-10-15T23:42:45 IST" name="tearDown" finished-at="2020-10-15T23:42:46 IST" duration-ms="1041" status="PASS">
          <reporter-output>
          </reporter-output>
        </test-method> <!-- tearDown -->
      </class> <!-- com.nopCommerce.TestCases.TC_Login_001 -->
      <class name="com.nopCommerce.TestCases.TC_AddCustomer_002">
        <test-method is-config="true" signature="setup(java.lang.String)[pri:0, instance:com.nopCommerce.TestCases.TC_AddCustomer_002@56528192]" started-at="2020-10-15T23:42:46 IST" name="setup" finished-at="2020-10-15T23:42:53 IST" duration-ms="7667" status="PASS">
          <params>
            <param index="0">
              <value>
                <![CDATA[chrome]]>
              </value>
            </param>
          </params>
          <reporter-output>
          </reporter-output>
        </test-method> <!-- setup -->
        <test-method signature="addNewCustomerTest()[pri:1, instance:com.nopCommerce.TestCases.TC_AddCustomer_002@56528192]" started-at="2020-10-15T23:42:53 IST" name="addNewCustomerTest" finished-at="2020-10-15T23:43:16 IST" duration-ms="23080" status="PASS">
          <reporter-output>
          </reporter-output>
        </test-method> <!-- addNewCustomerTest -->
        <test-method signature="CustomerAdditionWithDuplicateEmailCheck()[pri:2, instance:com.nopCommerce.TestCases.TC_AddCustomer_002@56528192]" started-at="2020-10-15T23:43:16 IST" name="CustomerAdditionWithDuplicateEmailCheck" finished-at="2020-10-15T23:43:30 IST" duration-ms="13358" status="PASS">
          <reporter-output>
          </reporter-output>
        </test-method> <!-- CustomerAdditionWithDuplicateEmailCheck -->
        <test-method is-config="true" signature="tearDown()[pri:0, instance:com.nopCommerce.TestCases.TC_AddCustomer_002@56528192]" started-at="2020-10-15T23:43:30 IST" name="tearDown" finished-at="2020-10-15T23:43:31 IST" duration-ms="796" status="PASS">
          <reporter-output>
          </reporter-output>
        </test-method> <!-- tearDown -->
      </class> <!-- com.nopCommerce.TestCases.TC_AddCustomer_002 -->
      <class name="com.nopCommerce.TestCases.TC_AddGiftCard_004">
        <test-method is-config="true" signature="setup(java.lang.String)[pri:0, instance:com.nopCommerce.TestCases.TC_AddGiftCard_004@96def03]" started-at="2020-10-15T23:42:29 IST" name="setup" finished-at="2020-10-15T23:42:39 IST" duration-ms="9589" status="PASS">
          <params>
            <param index="0">
              <value>
                <![CDATA[chrome]]>
              </value>
            </param>
          </params>
          <reporter-output>
          </reporter-output>
        </test-method> <!-- setup -->
        <test-method signature="addGiftCardTest()[pri:0, instance:com.nopCommerce.TestCases.TC_AddGiftCard_004@96def03]" started-at="2020-10-15T23:42:39 IST" name="addGiftCardTest" finished-at="2020-10-15T23:42:56 IST" duration-ms="17288" status="PASS">
          <reporter-output>
          </reporter-output>
        </test-method> <!-- addGiftCardTest -->
        <test-method is-config="true" signature="tearDown()[pri:0, instance:com.nopCommerce.TestCases.TC_AddGiftCard_004@96def03]" started-at="2020-10-15T23:42:56 IST" name="tearDown" finished-at="2020-10-15T23:42:57 IST" duration-ms="790" status="PASS">
          <reporter-output>
          </reporter-output>
        </test-method> <!-- tearDown -->
      </class> <!-- com.nopCommerce.TestCases.TC_AddGiftCard_004 -->
      <class name="com.nopCommerce.TestCases.TC_AddCampaignDDT_003">
        <test-method is-config="true" signature="setup(java.lang.String)[pri:0, instance:com.nopCommerce.TestCases.TC_AddCampaignDDT_003@6e0dec4a]" started-at="2020-10-15T23:42:29 IST" name="setup" finished-at="2020-10-15T23:42:39 IST" duration-ms="9376" status="PASS">
          <params>
            <param index="0">
              <value>
                <![CDATA[chrome]]>
              </value>
            </param>
          </params>
          <reporter-output>
          </reporter-output>
        </test-method> <!-- setup -->
        <test-method signature="addCampaignTest(java.lang.String, java.lang.String, java.lang.String, java.lang.String, java.lang.String)[pri:0, instance:com.nopCommerce.TestCases.TC_AddCampaignDDT_003@6e0dec4a]" started-at="2020-10-15T23:42:41 IST" name="addCampaignTest" data-provider="CampaingnsData" finished-at="2020-10-15T23:43:07 IST" duration-ms="26046" status="PASS">
          <params>
            <param index="0">
              <value>
                <![CDATA[Camp1]]>
              </value>
            </param>
            <param index="1">
              <value>
                <![CDATA[Nation]]>
              </value>
            </param>
            <param index="2">
              <value>
                <![CDATA[Nation]]>
              </value>
            </param>
            <param index="3">
              <value>
                <![CDATA[Your store name]]>
              </value>
            </param>
            <param index="4">
              <value>
                <![CDATA[Administrators]]>
              </value>
            </param>
          </params>
          <reporter-output>
          </reporter-output>
        </test-method> <!-- addCampaignTest -->
        <test-method signature="addCampaignTest(java.lang.String, java.lang.String, java.lang.String, java.lang.String, java.lang.String)[pri:0, instance:com.nopCommerce.TestCases.TC_AddCampaignDDT_003@6e0dec4a]" started-at="2020-10-15T23:43:07 IST" name="addCampaignTest" data-provider="CampaingnsData" finished-at="2020-10-15T23:43:31 IST" duration-ms="24196" status="PASS">
          <params>
            <param index="0">
              <value>
                <![CDATA[Camp2]]>
              </value>
            </param>
            <param index="1">
              <value>
                <![CDATA[Pollution]]>
              </value>
            </param>
            <param index="2">
              <value>
                <![CDATA[Pollution]]>
              </value>
            </param>
            <param index="3">
              <value>
                <![CDATA[Test store 2]]>
              </value>
            </param>
            <param index="4">
              <value>
                <![CDATA[Forum Moderators]]>
              </value>
            </param>
          </params>
          <reporter-output>
          </reporter-output>
        </test-method> <!-- addCampaignTest -->
        <test-method signature="addCampaignTest(java.lang.String, java.lang.String, java.lang.String, java.lang.String, java.lang.String)[pri:0, instance:com.nopCommerce.TestCases.TC_AddCampaignDDT_003@6e0dec4a]" started-at="2020-10-15T23:43:31 IST" name="addCampaignTest" data-provider="CampaingnsData" finished-at="2020-10-15T23:43:54 IST" duration-ms="23231" status="PASS">
          <params>
            <param index="0">
              <value>
                <![CDATA[Camp3]]>
              </value>
            </param>
            <param index="1">
              <value>
                <![CDATA[Election]]>
              </value>
            </param>
            <param index="2">
              <value>
                <![CDATA[Election]]>
              </value>
            </param>
            <param index="3">
              <value>
                <![CDATA[Test store 2]]>
              </value>
            </param>
            <param index="4">
              <value>
                <![CDATA[Vendors]]>
              </value>
            </param>
          </params>
          <reporter-output>
          </reporter-output>
        </test-method> <!-- addCampaignTest -->
        <test-method is-config="true" signature="tearDown()[pri:0, instance:com.nopCommerce.TestCases.TC_AddCampaignDDT_003@6e0dec4a]" started-at="2020-10-15T23:43:54 IST" name="tearDown" finished-at="2020-10-15T23:43:55 IST" duration-ms="877" status="PASS">
          <reporter-output>
          </reporter-output>
        </test-method> <!-- tearDown -->
      </class> <!-- com.nopCommerce.TestCases.TC_AddCampaignDDT_003 -->
    </test> <!-- Test -->
  </suite> <!-- Suite -->
</testng-results>
